app/src/main/resources/.Trash/RobinClient/app/build/outputs/logs/manifest-merger-debug-report.txt
-- Merging decision tree log ---
manifest
ADDED from src/main/AndroidManifest.xml:2:1-400:12
	package
		ADDED from src/main/AndroidManifest.xml:3:5-35
		INJECTED from src/main/AndroidManifest.xml
		INJECTED from src/main/AndroidManifest.xml
	android:versionName
		ADDED from src/main/AndroidManifest.xml:6:5-31
		INJECTED from src/main/AndroidManifest.xml
		INJECTED from src/main/AndroidManifest.xml
	android:versionCode
		ADDED from src/main/AndroidManifest.xml:5:5-30
		INJECTED from src/main/AndroidManifest.xml
		INJECTED from src/main/AndroidManifest.xml
	xmlns:android
		ADDED from src/main/AndroidManifest.xml:2:11-69
	android:installLocation
		ADDED from src/main/AndroidManifest.xml:4:5-35
uses-permission#android.permission.INTERNET
ADDED from src/main/AndroidManifest.xml:8:5-67
	android:name
		ADDED from src/main/AndroidManifest.xml:8:22-64
uses-permission#android.permission.ACCESS_FINE_LOCATION
ADDED from src/main/AndroidManifest.xml:9:5-79
	android:name
		ADDED from src/main/AndroidManifest.xml:9:22-76
uses-permission#android.permission.ACCESS_COARSE_LOCATION
ADDED from src/main/AndroidManifest.xml:10:5-81
	android:name
		ADDED from src/main/AndroidManifest.xml:10:22-78
uses-permission#android.permission.ACCESS_MOCK_LOCATION
ADDED from src/main/AndroidManifest.xml:11:5-79
	android:name
		ADDED from src/main/AndroidManifest.xml:11:22-76
uses-permission#android.permission.WRITE_EXTERNAL_STORAGE
ADDED from src/main/AndroidManifest.xml:12:5-81
	android:name
		ADDED from src/main/AndroidManifest.xml:12:22-78
uses-permission#android.permission.WAKE_LOCK
ADDED from src/main/AndroidManifest.xml:13:5-68
	android:name
		ADDED from src/main/AndroidManifest.xml:13:22-65
uses-permission#android.permission.READ_PHONE_STATE
ADDED from src/main/AndroidManifest.xml:14:5-75
	android:name
		ADDED from src/main/AndroidManifest.xml:14:22-72
uses-permission#android.permission.CALL_PHONE
ADDED from src/main/AndroidManifest.xml:15:5-69
	android:name
		ADDED from src/main/AndroidManifest.xml:15:22-66
uses-permission#android.permission.VIBRATE
ADDED from src/main/AndroidManifest.xml:16:5-66
	android:name
		ADDED from src/main/AndroidManifest.xml:16:22-63
uses-permission#android.permission.GET_TASKS
ADDED from src/main/AndroidManifest.xml:17:5-68
	android:name
		ADDED from src/main/AndroidManifest.xml:17:22-65
uses-permission#android.permission.RECEIVE_BOOT_COMPLETED
ADDED from src/main/AndroidManifest.xml:18:5-81
	android:name
		ADDED from src/main/AndroidManifest.xml:18:22-78
uses-permission#android.permission.PROCESS_INCOMING_CALLS
ADDED from src/main/AndroidManifest.xml:19:5-81
	android:name
		ADDED from src/main/AndroidManifest.xml:19:22-78
uses-permission#android.permission.EXPAND_STATUS_BAR
ADDED from src/main/AndroidManifest.xml:20:5-76
	android:name
		ADDED from src/main/AndroidManifest.xml:20:22-73
uses-permission#android.permission.CHANGE_WIFI_STATE
ADDED from src/main/AndroidManifest.xml:21:5-76
	android:name
		ADDED from src/main/AndroidManifest.xml:21:22-73
uses-permission#android.permission.KILL_BACKGROUND_PROCESSES
ADDED from src/main/AndroidManifest.xml:22:5-84
	android:name
		ADDED from src/main/AndroidManifest.xml:22:22-81
uses-permission#android.permission.BROADCAST_PACKAGE_ADDED
ADDED from src/main/AndroidManifest.xml:23:5-82
	android:name
		ADDED from src/main/AndroidManifest.xml:23:22-79
uses-permission#android.permission.WRITE_SETTINGS
ADDED from src/main/AndroidManifest.xml:24:5-73
	android:name
		ADDED from src/main/AndroidManifest.xml:24:22-70
uses-permission#android.permission.READ_PROFILE
ADDED from src/main/AndroidManifest.xml:25:5-71
	android:name
		ADDED from src/main/AndroidManifest.xml:25:22-68
uses-permission#com.android.vending.BILLING
ADDED from src/main/AndroidManifest.xml:27:5-67
	android:name
		ADDED from src/main/AndroidManifest.xml:27:22-64
uses-permission#com.android.browser.permission.READ_HISTORY_BOOKMARKS
ADDED from src/main/AndroidManifest.xml:28:5-93
	android:name
		ADDED from src/main/AndroidManifest.xml:28:22-90
uses-permission#android.permission.READ_CALL_LOG
ADDED from src/main/AndroidManifest.xml:35:5-72
	android:name
		ADDED from src/main/AndroidManifest.xml:35:22-69
uses-permission#android.permission.SYSTEM_ALERT_WINDOW
ADDED from src/main/AndroidManifest.xml:37:5-78
	android:name
		ADDED from src/main/AndroidManifest.xml:37:22-75
uses-permission#com.android.vending.CHECK_LICENSE
ADDED from src/main/AndroidManifest.xml:41:5-73
	android:name
		ADDED from src/main/AndroidManifest.xml:41:22-70
uses-permission#android.permission.ACCESS_NETWORK_STATE
ADDED from src/main/AndroidManifest.xml:42:5-79
	android:name
		ADDED from src/main/AndroidManifest.xml:42:22-76
uses-permission#android.permission.ACCESS_WIFI_STATE
ADDED from src/main/AndroidManifest.xml:43:5-76
	android:name
		ADDED from src/main/AndroidManifest.xml:43:22-73
uses-permission#android.permission.READ_CALENDAR
ADDED from src/main/AndroidManifest.xml:44:5-72
	android:name
		ADDED from src/main/AndroidManifest.xml:44:22-69
uses-permission#android.permission.WRITE_CALENDAR
ADDED from src/main/AndroidManifest.xml:45:5-73
	android:name
		ADDED from src/main/AndroidManifest.xml:45:22-70
uses-permission#com.android.alarm.permission.SET_ALARM
ADDED from src/main/AndroidManifest.xml:46:5-78
	android:name
		ADDED from src/main/AndroidManifest.xml:46:22-75
uses-permission#android.permission.READ_CONTACTS
ADDED from src/main/AndroidManifest.xml:47:5-72
	android:name
		ADDED from src/main/AndroidManifest.xml:47:22-69
uses-permission#android.permission.READ_SMS
ADDED from src/main/AndroidManifest.xml:48:5-67
	android:name
		ADDED from src/main/AndroidManifest.xml:48:22-64
uses-permission#android.permission.SEND_SMS
ADDED from src/main/AndroidManifest.xml:49:5-67
	android:name
		ADDED from src/main/AndroidManifest.xml:49:22-64
uses-permission#android.permission.WRITE_SMS
ADDED from src/main/AndroidManifest.xml:50:5-68
	android:name
		ADDED from src/main/AndroidManifest.xml:50:22-65
uses-permission#android.permission.RECEIVE_SMS
ADDED from src/main/AndroidManifest.xml:51:5-70
	android:name
		ADDED from src/main/AndroidManifest.xml:51:22-67
uses-permission#android.permission.BLUETOOTH
ADDED from src/main/AndroidManifest.xml:52:5-68
	android:name
		ADDED from src/main/AndroidManifest.xml:52:22-65
uses-permission#android.permission.BLUETOOTH_ADMIN
ADDED from src/main/AndroidManifest.xml:53:5-74
	android:name
		ADDED from src/main/AndroidManifest.xml:53:22-71
uses-permission#android.permission.MODIFY_AUDIO_SETTINGS
ADDED from src/main/AndroidManifest.xml:54:5-80
	android:name
		ADDED from src/main/AndroidManifest.xml:54:22-77
uses-permission#android.permission.CAMERA
ADDED from src/main/AndroidManifest.xml:55:5-65
	android:name
		ADDED from src/main/AndroidManifest.xml:55:22-62
permission#android.permission.FLASHLIGHT
ADDED from src/main/AndroidManifest.xml:57:5-60:44
	android:protectionLevel
		ADDED from src/main/AndroidManifest.xml:60:9-41
	android:permissionGroup
		ADDED from src/main/AndroidManifest.xml:59:9-77
	android:name
		ADDED from src/main/AndroidManifest.xml:58:9-53
uses-permission#android.permission.GET_ACCOUNTS
ADDED from src/main/AndroidManifest.xml:73:5-71
	android:name
		ADDED from src/main/AndroidManifest.xml:73:22-68
uses-permission#android.permission.BROADCAST_STICKY
ADDED from src/main/AndroidManifest.xml:76:5-75
	android:name
		ADDED from src/main/AndroidManifest.xml:76:22-72
uses-permission#android.permission.RECORD_AUDIO
ADDED from src/main/AndroidManifest.xml:77:5-71
	android:name
		ADDED from src/main/AndroidManifest.xml:77:22-68
uses-permission#android.permission.PROCESS_OUTGOING_CALLS
ADDED from src/main/AndroidManifest.xml:78:5-81
	android:name
		ADDED from src/main/AndroidManifest.xml:78:22-78
uses-permission#com.google.android.gms.permission.ACTIVITY_RECOGNITION
ADDED from src/main/AndroidManifest.xml:79:5-94
	android:name
		ADDED from src/main/AndroidManifest.xml:79:22-91
uses-sdk
ADDED from src/main/AndroidManifest.xml:81:5-83:41
MERGED from [com.android.support:appcompat-v7:25.1.0] AndroidManifest.xml:21:5-23:78
MERGED from [com.android.support:support-v4:25.1.0] AndroidManifest.xml:21:5-23:54
MERGED from [com.android.support:support-fragment:25.1.0] AndroidManifest.xml:21:5-23:60
MERGED from [com.android.support:support-media-compat:25.1.0] AndroidManifest.xml:21:5-23:63
MERGED from [com.android.support:support-core-ui:25.1.0] AndroidManifest.xml:21:5-23:58
MERGED from [com.android.support:support-core-utils:25.1.0] AndroidManifest.xml:21:5-23:61
MERGED from [com.android.support:animated-vector-drawable:25.1.0] AndroidManifest.xml:20:5-44
MERGED from [com.android.support:support-vector-drawable:25.1.0] AndroidManifest.xml:21:5-43
MERGED from [com.android.support:support-compat:25.1.0] AndroidManifest.xml:21:5-23:58
	tools:overrideLibrary
		ADDED from [com.android.support:appcompat-v7:25.1.0] AndroidManifest.xml:23:9-75
	android:targetSdkVersion
		ADDED from src/main/AndroidManifest.xml:83:9-38
		INJECTED from src/main/AndroidManifest.xml
		INJECTED from src/main/AndroidManifest.xml
	android:minSdkVersion
		ADDED from src/main/AndroidManifest.xml:82:9-35
		INJECTED from src/main/AndroidManifest.xml
		INJECTED from src/main/AndroidManifest.xml
uses-feature#android.hardware.telephony
ADDED from src/main/AndroidManifest.xml:85:5-88:20
	android:required
		ADDED from src/main/AndroidManifest.xml:87:9-33
	android:name
		ADDED from src/main/AndroidManifest.xml:86:9-50
uses-feature#android.hardware.sensor.proximity
ADDED from src/main/AndroidManifest.xml:89:5-92:20
	android:required
		ADDED from src/main/AndroidManifest.xml:91:9-33
	android:name
		ADDED from src/main/AndroidManifest.xml:90:9-57
uses-feature#android.hardware.bluetooth
ADDED from src/main/AndroidManifest.xml:93:5-96:20
	android:required
		ADDED from src/main/AndroidManifest.xml:95:9-33
	android:name
		ADDED from src/main/AndroidManifest.xml:94:9-50
uses-feature#android.hardware.camera
ADDED from src/main/AndroidManifest.xml:97:5-100:20
	android:required
		ADDED from src/main/AndroidManifest.xml:99:9-33
	android:name
		ADDED from src/main/AndroidManifest.xml:98:9-47
uses-feature#android.hardware.camera.flash
ADDED from src/main/AndroidManifest.xml:101:5-104:20
	android:required
		ADDED from src/main/AndroidManifest.xml:103:9-33
	android:name
		ADDED from src/main/AndroidManifest.xml:102:9-53
uses-feature#android.hardware.location.network android:required
ADDED from src/main/AndroidManifest.xml:105:5-107:36
	android:required
		ADDED from src/main/AndroidManifest.xml:107:9-33
	android:name
		ADDED from src/main/AndroidManifest.xml:106:9-74
uses-feature#android.hardware.wifi
ADDED from src/main/AndroidManifest.xml:108:5-110:36
	android:required
		ADDED from src/main/AndroidManifest.xml:110:9-33
	android:name
		ADDED from src/main/AndroidManifest.xml:109:9-45
supports-screens
ADDED from src/main/AndroidManifest.xml:112:5-116:40
	android:largeScreens
		ADDED from src/main/AndroidManifest.xml:114:9-36
	android:smallScreens
		ADDED from src/main/AndroidManifest.xml:116:9-37
	android:normalScreens
		ADDED from src/main/AndroidManifest.xml:115:9-37
	android:anyDensity
		ADDED from src/main/AndroidManifest.xml:113:9-34
application
ADDED from src/main/AndroidManifest.xml:120:5-398:19
MERGED from [com.android.support:appcompat-v7:25.1.0] AndroidManifest.xml:25:5-20
MERGED from [com.android.support:support-v4:25.1.0] AndroidManifest.xml:25:5-20
MERGED from [com.android.support:support-fragment:25.1.0] AndroidManifest.xml:25:5-20
MERGED from [com.android.support:support-media-compat:25.1.0] AndroidManifest.xml:25:5-20
MERGED from [com.android.support:support-core-ui:25.1.0] AndroidManifest.xml:25:5-20
MERGED from [com.android.support:support-core-utils:25.1.0] AndroidManifest.xml:25:5-20
MERGED from [com.android.support:animated-vector-drawable:25.1.0] AndroidManifest.xml:22:5-20
MERGED from [com.android.support:support-vector-drawable:25.1.0] AndroidManifest.xml:23:5-20
MERGED from [com.android.support:support-compat:25.1.0] AndroidManifest.xml:25:5-20
	android:process
		ADDED from src/main/AndroidManifest.xml:126:9-47
	android:screenOrientation
		ADDED from src/main/AndroidManifest.xml:127:9-41
	android:label
		ADDED from src/main/AndroidManifest.xml:124:9-41
	android:configChanges
		ADDED from src/main/AndroidManifest.xml:122:9-55
	android:icon
		ADDED from src/main/AndroidManifest.xml:123:9-45
	android:largeHeap
		ADDED from src/main/AndroidManifest.xml:125:9-33
	android:name
		ADDED from src/main/AndroidManifest.xml:121:9-48
meta-data#com.facebook.sdk.ApplicationId
ADDED from src/main/AndroidManifest.xml:129:9-131:47
	android:value
		ADDED from src/main/AndroidManifest.xml:131:13-44
	android:name
		ADDED from src/main/AndroidManifest.xml:130:13-58
provider#com.magnifis.parking.TheRecentSuggestionsProvider
ADDED from src/main/AndroidManifest.xml:133:9-135:65
	android:authorities
		ADDED from src/main/AndroidManifest.xml:135:13-62
	android:name
		ADDED from src/main/AndroidManifest.xml:134:13-77
service#com.magnifis.parking.DailyNotificationListener
ADDED from src/main/AndroidManifest.xml:137:9-142:19
	android:permission
		ADDED from src/main/AndroidManifest.xml:138:13-87
	android:name
		ADDED from src/main/AndroidManifest.xml:137:18-59
intent-filter#android.service.notification.NotificationListenerService
ADDED from src/main/AndroidManifest.xml:139:13-141:29
action#android.service.notification.NotificationListenerService
ADDED from src/main/AndroidManifest.xml:140:17-99
	android:name
		ADDED from src/main/AndroidManifest.xml:140:25-96
activity#com.magnifis.parking.MainActivity
ADDED from src/main/AndroidManifest.xml:144:9-177:20
	android:screenOrientation
		ADDED from src/main/AndroidManifest.xml:150:13-45
	android:label
		ADDED from src/main/AndroidManifest.xml:147:13-45
	android:launchMode
		ADDED from src/main/AndroidManifest.xml:148:13-44
	android:configChanges
		ADDED from src/main/AndroidManifest.xml:146:13-59
	android:persistent
		ADDED from src/main/AndroidManifest.xml:149:13-38
	android:theme
		ADDED from src/main/AndroidManifest.xml:151:13-72
	android:name
		ADDED from src/main/AndroidManifest.xml:145:13-61
intent-filter#com.magnifis.parking.SHARE+com.magnifis.parking.START_TEACH+com.magnifis.parking.TYPE+com.magnifis.parking.WAKE_UP
ADDED from src/main/AndroidManifest.xml:154:13-159:29
action#com.magnifis.parking.WAKE_UP
ADDED from src/main/AndroidManifest.xml:155:17-71
	android:name
		ADDED from src/main/AndroidManifest.xml:155:25-68
action#com.magnifis.parking.START_TEACH
ADDED from src/main/AndroidManifest.xml:156:17-75
	android:name
		ADDED from src/main/AndroidManifest.xml:156:25-72
action#com.magnifis.parking.TYPE
ADDED from src/main/AndroidManifest.xml:157:17-68
	android:name
		ADDED from src/main/AndroidManifest.xml:157:25-65
action#com.magnifis.parking.SHARE
ADDED from src/main/AndroidManifest.xml:158:17-69
	android:name
		ADDED from src/main/AndroidManifest.xml:158:25-66
intent-filter#com.magnifis.parking.EXPANSION_DOWNLOADER_NOTIFICATION
ADDED from src/main/AndroidManifest.xml:160:13-162:29
action#com.magnifis.parking.EXPANSION_DOWNLOADER_NOTIFICATION
ADDED from src/main/AndroidManifest.xml:161:17-97
	android:name
		ADDED from src/main/AndroidManifest.xml:161:25-94
intent-filter#android.intent.action.ASSIST+android.intent.action.MAIN+android.intent.category.DEFAULT+android.intent.category.LAUNCHER
ADDED from src/main/AndroidManifest.xml:163:13-169:29
action#android.intent.action.MAIN
ADDED from src/main/AndroidManifest.xml:164:17-69
	android:name
		ADDED from src/main/AndroidManifest.xml:164:25-66
action#android.intent.action.ASSIST
ADDED from src/main/AndroidManifest.xml:165:17-71
	android:name
		ADDED from src/main/AndroidManifest.xml:165:25-68
category#android.intent.category.DEFAULT
ADDED from src/main/AndroidManifest.xml:167:17-76
	android:name
		ADDED from src/main/AndroidManifest.xml:167:27-73
category#android.intent.category.LAUNCHER
ADDED from src/main/AndroidManifest.xml:168:17-77
	android:name
		ADDED from src/main/AndroidManifest.xml:168:27-74
intent-filter#android.intent.action.SEARCH
ADDED from src/main/AndroidManifest.xml:170:13-172:29
action#android.intent.action.SEARCH
ADDED from src/main/AndroidManifest.xml:171:17-71
	android:name
		ADDED from src/main/AndroidManifest.xml:171:25-68
meta-data#android.app.searchable
ADDED from src/main/AndroidManifest.xml:174:13-176:54
	android:resource
		ADDED from src/main/AndroidManifest.xml:176:17-51
	android:name
		ADDED from src/main/AndroidManifest.xml:175:17-54
service#com.magnifis.parking.MovementService
ADDED from src/main/AndroidManifest.xml:179:9-180:67
	android:name
		ADDED from src/main/AndroidManifest.xml:180:13-64
service#com.magnifis.parking.TheDownloader
ADDED from src/main/AndroidManifest.xml:182:9-70
	android:name
		ADDED from src/main/AndroidManifest.xml:182:18-67
service#com.magnifis.parking.suzie.SuzieService
ADDED from src/main/AndroidManifest.xml:183:9-185:62
	android:configChanges
		ADDED from src/main/AndroidManifest.xml:185:13-59
	android:name
		ADDED from src/main/AndroidManifest.xml:184:13-67
service#com.magnifis.parking.SmsNotificationService
ADDED from src/main/AndroidManifest.xml:186:9-188:62
	android:configChanges
		ADDED from src/main/AndroidManifest.xml:188:13-59
	android:name
		ADDED from src/main/AndroidManifest.xml:187:13-71
receiver#com.magnifis.parking.DnlAlarmReceiver
ADDED from src/main/AndroidManifest.xml:190:9-74
	android:name
		ADDED from src/main/AndroidManifest.xml:190:19-71
receiver#com.magnifis.parking.NetworkStatusReceiver
ADDED from src/main/AndroidManifest.xml:191:9-195:20
	android:name
		ADDED from src/main/AndroidManifest.xml:191:19-76
intent-filter#android.net.conn.CONNECTIVITY_CHANGE
ADDED from src/main/AndroidManifest.xml:192:13-194:29
action#android.net.conn.CONNECTIVITY_CHANGE
ADDED from src/main/AndroidManifest.xml:193:17-79
	android:name
		ADDED from src/main/AndroidManifest.xml:193:25-76
uses-library#com.google.android.maps
ADDED from src/main/AndroidManifest.xml:197:9-199:39
	android:required
		ADDED from src/main/AndroidManifest.xml:199:13-36
	android:name
		ADDED from src/main/AndroidManifest.xml:198:13-51
activity#com.magnifis.parking.PrefsActivity
ADDED from src/main/AndroidManifest.xml:201:9-205:48
	android:screenOrientation
		ADDED from src/main/AndroidManifest.xml:205:13-45
	android:label
		ADDED from src/main/AndroidManifest.xml:204:13-50
	android:configChanges
		ADDED from src/main/AndroidManifest.xml:203:13-59
	android:name
		ADDED from src/main/AndroidManifest.xml:202:13-62
activity#com.magnifis.parking.RunCallbackActivity
ADDED from src/main/AndroidManifest.xml:206:9-213:75
	android:screenOrientation
		ADDED from src/main/AndroidManifest.xml:211:13-45
	android:excludeFromRecents
		ADDED from src/main/AndroidManifest.xml:209:13-46
	android:launchMode
		ADDED from src/main/AndroidManifest.xml:210:13-42
	android:configChanges
		ADDED from src/main/AndroidManifest.xml:208:13-59
	android:theme
		ADDED from src/main/AndroidManifest.xml:213:13-72
	android:taskAffinity
		ADDED from src/main/AndroidManifest.xml:212:13-56
	android:name
		ADDED from src/main/AndroidManifest.xml:207:13-68
activity#com.magnifis.parking.ResultProxyActivity
ADDED from src/main/AndroidManifest.xml:214:9-221:75
	android:screenOrientation
		ADDED from src/main/AndroidManifest.xml:219:13-45
	android:excludeFromRecents
		ADDED from src/main/AndroidManifest.xml:217:13-46
	android:launchMode
		ADDED from src/main/AndroidManifest.xml:218:13-42
	android:configChanges
		ADDED from src/main/AndroidManifest.xml:216:13-59
	android:theme
		ADDED from src/main/AndroidManifest.xml:221:13-72
	android:taskAffinity
		ADDED from src/main/AndroidManifest.xml:220:13-56
	android:name
		ADDED from src/main/AndroidManifest.xml:215:13-68
activity#com.magnifis.parking.HelpActivity
ADDED from src/main/AndroidManifest.xml:222:9-230:20
	android:screenOrientation
		ADDED from src/main/AndroidManifest.xml:225:13-45
	android:configChanges
		ADDED from src/main/AndroidManifest.xml:224:13-59
	android:taskAffinity
		ADDED from src/main/AndroidManifest.xml:226:13-49
	android:name
		ADDED from src/main/AndroidManifest.xml:223:13-61
intent-filter#com.magnifis.parking.OPEN_HELP
ADDED from src/main/AndroidManifest.xml:227:13-229:29
action#com.magnifis.parking.OPEN_HELP
ADDED from src/main/AndroidManifest.xml:228:17-73
	android:name
		ADDED from src/main/AndroidManifest.xml:228:25-70
activity#com.magnifis.parking.SendSmsActivity
ADDED from src/main/AndroidManifest.xml:231:9-242:20
	android:screenOrientation
		ADDED from src/main/AndroidManifest.xml:236:13-49
	android:excludeFromRecents
		ADDED from src/main/AndroidManifest.xml:234:13-46
	android:launchMode
		ADDED from src/main/AndroidManifest.xml:237:13-48
	android:windowSoftInputMode
		ADDED from src/main/AndroidManifest.xml:235:13-61
	android:configChanges
		ADDED from src/main/AndroidManifest.xml:233:13-74
	android:theme
		ADDED from src/main/AndroidManifest.xml:238:13-72
	android:name
		ADDED from src/main/AndroidManifest.xml:232:13-64
intent-filter#com.magnifis.parking.SEND_SMS
ADDED from src/main/AndroidManifest.xml:239:13-241:29
action#com.magnifis.parking.SEND_SMS
ADDED from src/main/AndroidManifest.xml:240:17-72
	android:name
		ADDED from src/main/AndroidManifest.xml:240:25-69
activity#com.magnifis.parking.SmsActivity
ADDED from src/main/AndroidManifest.xml:243:9-249:75
	android:screenOrientation
		ADDED from src/main/AndroidManifest.xml:247:13-45
	android:excludeFromRecents
		ADDED from src/main/AndroidManifest.xml:246:13-46
	android:launchMode
		ADDED from src/main/AndroidManifest.xml:248:13-48
	android:configChanges
		ADDED from src/main/AndroidManifest.xml:245:13-59
	android:theme
		ADDED from src/main/AndroidManifest.xml:249:13-72
	android:name
		ADDED from src/main/AndroidManifest.xml:244:13-60
activity#com.magnifis.parking.ListenAndLaunchActivity
ADDED from src/main/AndroidManifest.xml:251:9-272:20
	android:screenOrientation
		ADDED from src/main/AndroidManifest.xml:256:13-45
	android:label
		ADDED from src/main/AndroidManifest.xml:255:13-45
	android:excludeFromRecents
		ADDED from src/main/AndroidManifest.xml:254:13-46
	android:configChanges
		ADDED from src/main/AndroidManifest.xml:253:13-59
	android:theme
		ADDED from src/main/AndroidManifest.xml:258:13-72
	android:taskAffinity
		ADDED from src/main/AndroidManifest.xml:257:13-60
	android:name
		ADDED from src/main/AndroidManifest.xml:252:13-72
intent-filter#android.intent.action.SEARCH_LONG_PRESS+android.intent.category.DEFAULT
ADDED from src/main/AndroidManifest.xml:259:13-263:29
action#android.intent.action.SEARCH_LONG_PRESS
ADDED from src/main/AndroidManifest.xml:262:17-82
	android:name
		ADDED from src/main/AndroidManifest.xml:262:25-79
intent-filter#android.intent.action.VOICE_COMMAND+android.intent.category.DEFAULT
ADDED from src/main/AndroidManifest.xml:264:13-268:29
action#android.intent.action.VOICE_COMMAND
ADDED from src/main/AndroidManifest.xml:267:17-78
	android:name
		ADDED from src/main/AndroidManifest.xml:267:25-75
intent-filter#android.intent.category.DEFAULT
ADDED from src/main/AndroidManifest.xml:269:13-271:29
receiver#com.magnifis.parking.SMSReceiver
ADDED from src/main/AndroidManifest.xml:274:9-280:20
	android:enabled
		ADDED from src/main/AndroidManifest.xml:276:13-35
	android:name
		ADDED from src/main/AndroidManifest.xml:275:13-60
intent-filter#android.provider.Telephony.SMS_RECEIVED
ADDED from src/main/AndroidManifest.xml:277:13-279:29
action#android.provider.Telephony.SMS_RECEIVED
ADDED from src/main/AndroidManifest.xml:278:17-82
	android:name
		ADDED from src/main/AndroidManifest.xml:278:25-79
receiver#com.magnifis.parking.PhoneStatusReceiver
ADDED from src/main/AndroidManifest.xml:281:9-302:20
	android:enabled
		ADDED from src/main/AndroidManifest.xml:283:13-35
	android:name
		ADDED from src/main/AndroidManifest.xml:282:13-68
intent-filter#android.app.action.ENTER_CAR_MODE
ADDED from src/main/AndroidManifest.xml:284:13-286:29
action#android.app.action.ENTER_CAR_MODE
ADDED from src/main/AndroidManifest.xml:285:17-76
	android:name
		ADDED from src/main/AndroidManifest.xml:285:25-73
intent-filter#android.app.action.EXIT_CAR_MODE
ADDED from src/main/AndroidManifest.xml:287:13-289:29
action#android.app.action.EXIT_CAR_MODE
ADDED from src/main/AndroidManifest.xml:288:17-75
	android:name
		ADDED from src/main/AndroidManifest.xml:288:25-72
intent-filter#android.intent.action.USER_PRESENT
ADDED from src/main/AndroidManifest.xml:290:13-292:29
action#android.intent.action.USER_PRESENT
ADDED from src/main/AndroidManifest.xml:291:17-77
	android:name
		ADDED from src/main/AndroidManifest.xml:291:25-74
intent-filter#android.intent.action.BOOT_COMPLETED
ADDED from src/main/AndroidManifest.xml:293:13-295:29
action#android.intent.action.BOOT_COMPLETED
ADDED from src/main/AndroidManifest.xml:294:17-79
	android:name
		ADDED from src/main/AndroidManifest.xml:294:25-76
intent-filter#android.intent.action.PHONE_STATE
ADDED from src/main/AndroidManifest.xml:296:13-298:29
	android:priority
		ADDED from src/main/AndroidManifest.xml:296:28-51
action#android.intent.action.PHONE_STATE
ADDED from src/main/AndroidManifest.xml:297:17-76
	android:name
		ADDED from src/main/AndroidManifest.xml:297:25-73
intent-filter#android.intent.action.NEW_OUTGOING_CALL
ADDED from src/main/AndroidManifest.xml:299:13-301:29
action#android.intent.action.NEW_OUTGOING_CALL
ADDED from src/main/AndroidManifest.xml:300:17-82
	android:name
		ADDED from src/main/AndroidManifest.xml:300:25-79
receiver#com.magnifis.parking.SmsStatusReceiver
ADDED from src/main/AndroidManifest.xml:303:9-309:20
	android:enabled
		ADDED from src/main/AndroidManifest.xml:305:13-35
	android:name
		ADDED from src/main/AndroidManifest.xml:304:13-66
intent-filter#com.magnifis.parking.SMS_SENT_OR_FAILED
ADDED from src/main/AndroidManifest.xml:306:13-308:29
action#com.magnifis.parking.SMS_SENT_OR_FAILED
ADDED from src/main/AndroidManifest.xml:307:17-82
	android:name
		ADDED from src/main/AndroidManifest.xml:307:25-79
receiver#com.magnifis.parking.widgets.WidgetProvider
ADDED from src/main/AndroidManifest.xml:310:9-320:20
	android:label
		ADDED from src/main/AndroidManifest.xml:312:13-57
	android:name
		ADDED from src/main/AndroidManifest.xml:311:13-71
intent-filter#android.appwidget.action.APPWIDGET_UPDATE
ADDED from src/main/AndroidManifest.xml:313:13-315:29
action#android.appwidget.action.APPWIDGET_UPDATE
ADDED from src/main/AndroidManifest.xml:314:17-84
	android:name
		ADDED from src/main/AndroidManifest.xml:314:25-81
meta-data#android.appwidget.provider
ADDED from src/main/AndroidManifest.xml:317:13-319:59
	android:resource
		ADDED from src/main/AndroidManifest.xml:319:17-56
	android:name
		ADDED from src/main/AndroidManifest.xml:318:17-58
activity#com.magnifis.parking.IntroSlidesActivity
ADDED from src/main/AndroidManifest.xml:347:9-352:75
	android:screenOrientation
		ADDED from src/main/AndroidManifest.xml:350:13-49
	android:excludeFromRecents
		ADDED from src/main/AndroidManifest.xml:349:13-46
	android:theme
		ADDED from src/main/AndroidManifest.xml:352:13-72
	android:taskAffinity
		ADDED from src/main/AndroidManifest.xml:351:13-56
	android:name
		ADDED from src/main/AndroidManifest.xml:348:13-68
activity#com.magnifis.parking.Web
ADDED from src/main/AndroidManifest.xml:353:9-359:20
	android:theme
		ADDED from src/main/AndroidManifest.xml:355:13-60
	android:name
		ADDED from src/main/AndroidManifest.xml:354:13-32
intent-filter#com.magnifis.parking.OPEN_WEB
ADDED from src/main/AndroidManifest.xml:356:13-358:29
action#com.magnifis.parking.OPEN_WEB
ADDED from src/main/AndroidManifest.xml:357:17-72
	android:name
		ADDED from src/main/AndroidManifest.xml:357:25-69
activity#com.magnifis.parking.YoutubeActivity
ADDED from src/main/AndroidManifest.xml:360:9-361:75
	android:theme
		ADDED from src/main/AndroidManifest.xml:361:13-72
	android:name
		ADDED from src/main/AndroidManifest.xml:360:19-50
receiver#com.magnifis.parking.ads.AdManager
ADDED from src/main/AndroidManifest.xml:363:9-369:20
	android:name
		ADDED from src/main/AndroidManifest.xml:363:19-68
intent-filter#android.intent.action.PACKAGE_ADDED
ADDED from src/main/AndroidManifest.xml:364:13-368:29
action#android.intent.action.PACKAGE_ADDED
ADDED from src/main/AndroidManifest.xml:365:17-78
	android:name
		ADDED from src/main/AndroidManifest.xml:365:25-75
data
ADDED from src/main/AndroidManifest.xml:367:17-50
	android:scheme
		ADDED from src/main/AndroidManifest.xml:367:23-47
receiver#com.magnifis.parking.DLReceiver
ADDED from src/main/AndroidManifest.xml:370:9-376:20
	android:exported
		ADDED from src/main/AndroidManifest.xml:372:13-36
	android:name
		ADDED from src/main/AndroidManifest.xml:371:13-59
intent-filter#android.intent.action.DOWNLOAD_COMPLETE
ADDED from src/main/AndroidManifest.xml:373:13-375:29
	android:priority
		ADDED from src/main/AndroidManifest.xml:373:28-51
action#android.intent.action.DOWNLOAD_COMPLETE
ADDED from src/main/AndroidManifest.xml:374:17-82
	android:name
		ADDED from src/main/AndroidManifest.xml:374:25-79
receiver#com.magnifis.parking.PlugInControlReceiver
ADDED from src/main/AndroidManifest.xml:378:9-383:20
	android:name
		ADDED from src/main/AndroidManifest.xml:378:19-56
intent-filter#android.intent.action.ACTION_POWER_CONNECTED+android.intent.action.ACTION_POWER_DISCONNECTED
ADDED from src/main/AndroidManifest.xml:379:13-382:29
action#android.intent.action.ACTION_POWER_CONNECTED
ADDED from src/main/AndroidManifest.xml:380:17-87
	android:name
		ADDED from src/main/AndroidManifest.xml:380:25-84
action#android.intent.action.ACTION_POWER_DISCONNECTED
ADDED from src/main/AndroidManifest.xml:381:17-90
	android:name
		ADDED from src/main/AndroidManifest.xml:381:25-87
receiver#com.magnifis.parking.GenericInstallTrackersReceiver
ADDED from src/main/AndroidManifest.xml:385:9-392:20
	android:exported
		ADDED from src/main/AndroidManifest.xml:387:13-36
	android:name
		ADDED from src/main/AndroidManifest.xml:386:13-59